<?xml version="1.0" encoding="UTF-8"?>
<testsuite xmlns:xsi="http://www.w3.org/2001/XMLSchema-instance" xsi:noNamespaceSchemaLocation="https://maven.apache.org/surefire/maven-surefire-plugin/xsd/surefire-test-report-3.0.xsd" version="3.0" name="com.orderbook.OrderBookTest" time="0.042" tests="4" errors="0" skipped="0" failures="0">
  <properties>
    <property name="java.specification.version" value="23"/>
    <property name="sun.jnu.encoding" value="UTF-8"/>
    <property name="java.class.path" value="/Users/syahmimchukhan/Documents/Personal/Learnings/CollegeLocal/Y3S1Local/APD/project/order-book/target/test-classes:/Users/syahmimchukhan/Documents/Personal/Learnings/CollegeLocal/Y3S1Local/APD/project/order-book/target/classes:/Users/syahmimchukhan/.m2/repository/junit/junit/4.13.2/junit-4.13.2.jar:/Users/syahmimchukhan/.m2/repository/org/hamcrest/hamcrest-core/1.3/hamcrest-core-1.3.jar:"/>
    <property name="java.vm.vendor" value="Homebrew"/>
    <property name="sun.arch.data.model" value="64"/>
    <property name="java.vendor.url" value="https://github.com/Homebrew/homebrew-core/issues"/>
    <property name="os.name" value="Mac OS X"/>
    <property name="java.vm.specification.version" value="23"/>
    <property name="sun.java.launcher" value="SUN_STANDARD"/>
    <property name="user.country" value="SG"/>
    <property name="sun.boot.library.path" value="/opt/homebrew/Cellar/openjdk/23/libexec/openjdk.jdk/Contents/Home/lib"/>
    <property name="sun.java.command" value="/Users/syahmimchukhan/Documents/Personal/Learnings/CollegeLocal/Y3S1Local/APD/project/order-book/target/surefire/surefirebooter-20241012171730767_3.jar /Users/syahmimchukhan/Documents/Personal/Learnings/CollegeLocal/Y3S1Local/APD/project/order-book/target/surefire 2024-10-12T17-17-30_707-jvmRun1 surefire-20241012171730767_1tmp surefire_0-20241012171730767_2tmp"/>
    <property name="http.nonProxyHosts" value="local|*.local|169.254/16|*.169.254/16"/>
    <property name="jdk.debug" value="release"/>
    <property name="surefire.test.class.path" value="/Users/syahmimchukhan/Documents/Personal/Learnings/CollegeLocal/Y3S1Local/APD/project/order-book/target/test-classes:/Users/syahmimchukhan/Documents/Personal/Learnings/CollegeLocal/Y3S1Local/APD/project/order-book/target/classes:/Users/syahmimchukhan/.m2/repository/junit/junit/4.13.2/junit-4.13.2.jar:/Users/syahmimchukhan/.m2/repository/org/hamcrest/hamcrest-core/1.3/hamcrest-core-1.3.jar:"/>
    <property name="sun.cpu.endian" value="little"/>
    <property name="user.home" value="/Users/syahmimchukhan"/>
    <property name="user.language" value="en"/>
    <property name="java.specification.vendor" value="Oracle Corporation"/>
    <property name="java.version.date" value="2024-09-17"/>
    <property name="java.home" value="/opt/homebrew/Cellar/openjdk/23/libexec/openjdk.jdk/Contents/Home"/>
    <property name="file.separator" value="/"/>
    <property name="basedir" value="/Users/syahmimchukhan/Documents/Personal/Learnings/CollegeLocal/Y3S1Local/APD/project/order-book"/>
    <property name="java.vm.compressedOopsMode" value="Zero based"/>
    <property name="line.separator" value="&#10;"/>
    <property name="java.vm.specification.vendor" value="Oracle Corporation"/>
    <property name="java.specification.name" value="Java Platform API Specification"/>
    <property name="apple.awt.application.name" value="ForkedBooter"/>
    <property name="surefire.real.class.path" value="/Users/syahmimchukhan/Documents/Personal/Learnings/CollegeLocal/Y3S1Local/APD/project/order-book/target/surefire/surefirebooter-20241012171730767_3.jar"/>
    <property name="sun.management.compiler" value="HotSpot 64-Bit Tiered Compilers"/>
    <property name="ftp.nonProxyHosts" value="local|*.local|169.254/16|*.169.254/16"/>
    <property name="java.runtime.version" value="23"/>
    <property name="user.name" value="syahmimchukhan"/>
    <property name="stdout.encoding" value="UTF-8"/>
    <property name="path.separator" value=":"/>
    <property name="os.version" value="15.0.1"/>
    <property name="java.runtime.name" value="OpenJDK Runtime Environment"/>
    <property name="file.encoding" value="UTF-8"/>
    <property name="java.vm.name" value="OpenJDK 64-Bit Server VM"/>
    <property name="java.vendor.version" value="Homebrew"/>
    <property name="localRepository" value="/Users/syahmimchukhan/.m2/repository"/>
    <property name="java.vendor.url.bug" value="https://github.com/Homebrew/homebrew-core/issues"/>
    <property name="java.io.tmpdir" value="/var/folders/_7/r_7v52z163x_f3k0x858fn840000gn/T/"/>
    <property name="java.version" value="23"/>
    <property name="user.dir" value="/Users/syahmimchukhan/Documents/Personal/Learnings/CollegeLocal/Y3S1Local/APD/project/order-book"/>
    <property name="os.arch" value="aarch64"/>
    <property name="java.vm.specification.name" value="Java Virtual Machine Specification"/>
    <property name="native.encoding" value="UTF-8"/>
    <property name="java.library.path" value="/Users/syahmimchukhan/Library/Java/Extensions:/Library/Java/Extensions:/Network/Library/Java/Extensions:/System/Library/Java/Extensions:/usr/lib/java:."/>
    <property name="java.vm.info" value="mixed mode, sharing"/>
    <property name="stderr.encoding" value="UTF-8"/>
    <property name="java.vendor" value="Homebrew"/>
    <property name="java.vm.version" value="23"/>
    <property name="sun.io.unicode.encoding" value="UnicodeBig"/>
    <property name="socksNonProxyHosts" value="local|*.local|169.254/16|*.169.254/16"/>
    <property name="java.class.version" value="67.0"/>
  </properties>
  <testcase name="testMultipleOrderMatching" classname="com.orderbook.OrderBookTest" time="0.005">
    <system-out><![CDATA[Matched Order: BUY 50 of AAPL at $140.0 [Order IDs: BUY#2 & SELL#3]
Matched Order: BUY 150 of AAPL at $145.0 [Order IDs: BUY#2 & SELL#4]

Order Book for AAPL
Buy Orders:
BUY 100 at $150.0 [Order ID: 1]
Sell Orders:
]]></system-out>
  </testcase>
  <testcase name="testAddSellOrder" classname="com.orderbook.OrderBookTest" time="0.006">
    <system-out><![CDATA[
Order Book for AAPL
Buy Orders:
Sell Orders:
SELL 50 at $155.0 [Order ID: 5]
]]></system-out>
  </testcase>
  <testcase name="testMatchOrders" classname="com.orderbook.OrderBookTest" time="0.0">
    <system-out><![CDATA[Matched Order: BUY 50 of AAPL at $145.0 [Order IDs: BUY#6 & SELL#7]
]]></system-out>
  </testcase>
  <testcase name="testAddBuyOrder" classname="com.orderbook.OrderBookTest" time="0.001">
    <system-out><![CDATA[
Order Book for AAPL
Buy Orders:
BUY 100 at $150.0 [Order ID: 8]
Sell Orders:
]]></system-out>
  </testcase>
</testsuite>